application-service running on 4004
application-service GET /health 200 1.615 ms
application-service GET /applications/student/me 200 1.456 ms
application-service GET /applications/student/me 200 0.628 ms
application-service GET /applications/student/me 200 0.523 ms
application-service GET /applications/student/me 200 0.539 ms
application-service GET /applications/recruiter/me 200 0.625 ms
application-service GET /applications/recruiter/me 200 0.605 ms
application-service GET /applications/recruiter/me 200 0.664 ms
application-service GET /applications/recruiter/me 200 0.632 ms
application-service GET /applications/recruiter/me 200 0.839 ms
application-service PATCH /applications/app_7024ca0e0d9a4eee/stage 200 2.308 ms
application-service GET /applications/recruiter/me 200 0.529 ms
application-service GET /applications/recruiter/me 200 0.585 ms
application-service GET /applications/recruiter/me 200 0.516 ms
application-service GET /applications/recruiter/me 200 0.418 ms
application-service GET /applications/recruiter/me 200 0.431 ms
application-service GET /applications/student/me 200 0.675 ms
application-service GET /applications/student/me 200 0.560 ms
application-service GET /applications/student/me 200 0.743 ms
application-service GET /applications/student/me 200 0.625 ms
application-service GET /applications/student/me 200 0.520 ms
application-service GET /applications/student/me 200 0.704 ms
application-service GET /applications/student/me 200 1.052 ms
application-service POST /applications 201 3.039 ms
application-service POST /applications 409 1.097 ms
application-service GET /applications/student/me 200 0.505 ms
application-service GET /applications/student/me 200 0.515 ms
application-service POST /applications 201 1.663 ms
application-service POST /applications 409 0.603 ms
application-service GET /applications/student/me 200 0.595 ms
application-service GET /applications/student/me 200 0.659 ms
application-service GET /applications/student/me 200 0.452 ms
application-service GET /applications/student/me 200 0.457 ms
application-service POST /applications 409 0.763 ms
application-service GET /applications/student/me 200 0.628 ms
application-service GET /applications/student/me 200 0.785 ms
application-service GET /applications/student/me 200 0.607 ms
application-service GET /applications/student/me 200 0.518 ms
application-service GET /applications/student/me 200 0.742 ms
application-service GET /applications/student/me 200 0.529 ms
