auth-service running on 4001
auth-service GET /health 200 1.653 ms
auth-service GET /health 200 0.420 ms
auth-service POST /auth/login 200 40.507 ms
auth-service POST /auth/login 200 32.482 ms
auth-service GET /auth/me 200 0.837 ms
auth-service GET /auth/me 200 0.572 ms
auth-service GET /auth/me 200 0.800 ms
auth-service GET /auth/me 200 0.564 ms
auth-service GET /auth/me 200 0.641 ms
auth-service GET /auth/me 200 0.611 ms
auth-service GET /auth/me 200 0.608 ms
auth-service POST /auth/login 200 33.495 ms
auth-service GET /auth/me 200 0.558 ms
auth-service GET /auth/me 200 0.532 ms
auth-service GET /auth/me 200 0.439 ms
auth-service GET /auth/me 200 0.698 ms
auth-service GET /auth/me 200 0.468 ms
auth-service GET /auth/me 200 0.502 ms
auth-service GET /auth/me 200 0.489 ms
auth-service GET /auth/me 200 0.587 ms
auth-service GET /auth/me 200 0.438 ms
auth-service GET /auth/me 200 0.482 ms
auth-service GET /auth/me 200 0.455 ms
auth-service POST /auth/login 200 33.899 ms
auth-service GET /auth/me 200 0.742 ms
auth-service GET /auth/me 200 0.458 ms
auth-service GET /auth/me 200 0.602 ms
auth-service GET /auth/me 200 0.512 ms
auth-service GET /auth/me 200 0.689 ms
auth-service GET /auth/me 200 0.507 ms
auth-service GET /auth/me 200 0.613 ms
auth-service GET /auth/me 200 0.689 ms
auth-service POST /auth/register 400 1.516 ms
auth-service POST /auth/register 201 33.461 ms
auth-service GET /auth/me 200 0.509 ms
auth-service GET /auth/me 200 0.541 ms
auth-service POST /auth/login 200 32.453 ms
auth-service GET /auth/me 200 0.595 ms
auth-service GET /auth/me 200 0.627 ms
auth-service GET /auth/me 200 0.564 ms
auth-service POST /auth/register 201 31.290 ms
auth-service GET /auth/me 200 0.643 ms
auth-service GET /auth/me 200 0.450 ms
auth-service POST /auth/login 200 33.725 ms
auth-service GET /auth/me 200 0.650 ms
auth-service GET /auth/me 200 0.532 ms
auth-service GET /auth/me 200 0.468 ms
auth-service GET /auth/me 200 0.596 ms
auth-service GET /auth/me 200 0.613 ms
auth-service POST /auth/login 401 35.349 ms
auth-service POST /auth/register 201 36.383 ms
auth-service GET /auth/me 200 0.719 ms
auth-service GET /auth/me 200 0.698 ms
auth-service GET /auth/me 200 0.589 ms
auth-service GET /auth/me 200 0.615 ms
auth-service GET /auth/me 200 0.551 ms
auth-service GET /auth/me 200 0.392 ms
auth-service GET /auth/me 200 0.623 ms
auth-service GET /auth/me 200 0.400 ms
auth-service GET /auth/me 200 0.513 ms
auth-service GET /auth/me 200 0.430 ms
auth-service GET /auth/me 200 1.811 ms
auth-service GET /auth/me 200 0.734 ms
auth-service GET /auth/me 200 0.767 ms
auth-service GET /auth/me 200 0.485 ms
auth-service GET /auth/me 200 0.411 ms
auth-service GET /auth/me 200 0.480 ms
auth-service GET /auth/me 200 0.394 ms
auth-service GET /auth/me 200 0.502 ms
auth-service GET /auth/me 200 0.903 ms
auth-service GET /auth/me 200 0.443 ms
auth-service GET /auth/me 200 0.383 ms
auth-service GET /auth/me 200 0.647 ms
auth-service GET /auth/me 200 0.449 ms
auth-service GET /auth/me 200 0.671 ms
auth-service GET /auth/me 200 0.529 ms
auth-service GET /auth/me 200 0.595 ms
auth-service GET /auth/me 200 0.715 ms
auth-service GET /auth/me 200 0.876 ms
auth-service GET /auth/me 200 0.877 ms
auth-service GET /auth/me 200 0.644 ms
auth-service GET /auth/me 200 0.688 ms
auth-service GET /auth/me 200 0.681 ms
auth-service GET /auth/me 200 0.614 ms
auth-service GET /auth/me 200 0.578 ms
auth-service GET /auth/me 200 0.472 ms
auth-service GET /auth/me 200 0.600 ms
auth-service GET /auth/me 200 0.866 ms
auth-service GET /auth/me 200 0.574 ms
