api-gateway running on 4000
api-gateway GET /health 200 2.109 ms
api-gateway GET /health 200 0.353 ms
api-gateway POST /api/auth/login 200 100.979 ms
api-gateway POST /api/auth/login 200 36.748 ms
api-gateway GET /api/auth/me 200 7.592 ms
api-gateway GET /api/jobs 200 10.678 ms
api-gateway GET /api/auth/me 200 5.620 ms
api-gateway GET /api/applications/student/me 200 12.399 ms
api-gateway GET /api/jobs 200 10.755 ms
api-gateway GET /api/applications/student/me 200 11.438 ms
api-gateway GET /api/auth/me 200 7.197 ms
api-gateway GET /api/jobs 200 8.007 ms
api-gateway GET /api/applications/student/me 200 8.464 ms
api-gateway GET /api/auth/me 200 2.557 ms
api-gateway GET /api/jobs 200 2.843 ms
api-gateway GET /api/auth/me 200 2.627 ms
api-gateway GET /api/applications/student/me 200 4.957 ms
api-gateway GET /api/auth/me 200 2.215 ms
api-gateway GET /api/auth/me 200 3.152 ms
api-gateway POST /api/auth/login 200 37.028 ms
api-gateway GET /api/auth/me 200 2.072 ms
api-gateway GET /api/jobs/recruiter/me 200 4.347 ms
api-gateway GET /api/applications/recruiter/me 200 3.828 ms
api-gateway GET /api/auth/me 200 2.883 ms
api-gateway GET /api/jobs/recruiter/me 200 3.142 ms
api-gateway GET /api/applications/recruiter/me 200 2.913 ms
api-gateway GET /api/auth/me 200 1.921 ms
api-gateway GET /api/jobs/recruiter/me 200 2.339 ms
api-gateway GET /api/applications/recruiter/me 200 3.170 ms
api-gateway GET /api/auth/me 200 2.394 ms
api-gateway GET /api/jobs/recruiter/me 200 2.591 ms
api-gateway GET /api/auth/me 200 2.380 ms
api-gateway GET /api/applications/recruiter/me 200 4.077 ms
api-gateway GET /api/auth/me 200 2.575 ms
api-gateway GET /api/jobs/recruiter/analytics 200 4.806 ms
api-gateway GET /api/auth/me 200 1.924 ms
api-gateway GET /api/users/talent 200 5.300 ms
api-gateway GET /api/auth/me 200 2.461 ms
api-gateway GET /api/auth/me 200 2.320 ms
api-gateway GET /api/auth/me 200 4.750 ms
api-gateway GET /api/jobs/recruiter/me 200 4.149 ms
api-gateway POST /api/jobs 201 18.690 ms
api-gateway GET /api/auth/me 200 3.362 ms
api-gateway GET /api/applications/recruiter/me 200 4.746 ms
api-gateway PATCH /api/applications/app_7024ca0e0d9a4eee/stage 200 14.337 ms
api-gateway GET /api/applications/recruiter/me 200 2.108 ms
api-gateway POST /api/auth/login 200 37.134 ms
api-gateway GET /api/auth/me 200 3.309 ms
api-gateway GET /api/admin/overview 200 5.736 ms
api-gateway GET /api/auth/me 200 1.865 ms
api-gateway GET /api/admin/overview 200 2.701 ms
api-gateway GET /api/auth/me 200 3.410 ms
api-gateway GET /api/admin/overview 200 3.515 ms
api-gateway GET /api/auth/me 200 2.636 ms
api-gateway GET /api/users/talent 200 4.393 ms
api-gateway GET /api/auth/me 200 2.588 ms
api-gateway GET /api/jobs 200 4.066 ms
api-gateway GET /api/auth/me 200 3.016 ms
api-gateway GET /api/users/recruiters/pending 200 6.548 ms
api-gateway GET /api/auth/me 200 2.291 ms
api-gateway GET /api/admin/analytics 200 4.167 ms
api-gateway GET /api/auth/me 200 2.955 ms
api-gateway POST /api/auth/register 400 4.761 ms
api-gateway POST /api/auth/register 201 36.553 ms
api-gateway GET /api/auth/me 200 2.031 ms
api-gateway GET /api/auth/me 200 2.326 ms
api-gateway GET /api/jobs/recruiter/me 200 5.034 ms
api-gateway GET /api/applications/recruiter/me 200 5.210 ms
api-gateway GET /api/jobs/recruiter/me 200 1.698 ms
api-gateway GET /api/applications/recruiter/me 200 1.962 ms
api-gateway POST /api/auth/login 200 35.383 ms
api-gateway GET /api/auth/me 200 2.795 ms
api-gateway GET /api/auth/me 200 5.081 ms
api-gateway GET /api/admin/overview 200 6.620 ms
api-gateway GET /api/admin/overview 200 6.338 ms
api-gateway GET /api/auth/me 200 3.460 ms
api-gateway GET /api/users/recruiters/pending 200 3.644 ms
api-gateway POST /api/auth/register 201 33.962 ms
api-gateway GET /api/auth/me 200 2.929 ms
api-gateway GET /api/jobs/recruiter/me 200 4.779 ms
api-gateway GET /api/applications/recruiter/me 200 5.099 ms
api-gateway GET /api/auth/me 200 2.463 ms
api-gateway GET /api/jobs/recruiter/me 200 2.397 ms
api-gateway GET /api/applications/recruiter/me 200 2.548 ms
api-gateway POST /api/auth/login 200 36.939 ms
api-gateway GET /api/auth/me 200 3.101 ms
api-gateway GET /api/auth/me 200 4.549 ms
api-gateway GET /api/admin/overview 200 6.919 ms
api-gateway GET /api/admin/overview 200 6.233 ms
api-gateway GET /api/auth/me 200 3.282 ms
api-gateway GET /api/users/recruiters/pending 200 3.303 ms
api-gateway GET /api/auth/me 200 4.439 ms
api-gateway GET /api/users/recruiters/pending 200 4.212 ms
api-gateway PATCH /api/users/recruiters/usr_f49caccaa5104b44/verification 200 20.495 ms
api-gateway GET /api/users/recruiters/pending 200 1.839 ms
api-gateway GET /api/auth/me 200 3.392 ms
api-gateway GET /api/users/recruiters/pending 200 3.541 ms
api-gateway PATCH /api/users/recruiters/usr_29b51264fbb4407d/verification 200 3.064 ms
api-gateway GET /api/users/recruiters/pending 200 1.734 ms
api-gateway POST /api/auth/login 401 38.651 ms
api-gateway POST /api/auth/register 201 39.791 ms
api-gateway GET /api/auth/me 200 3.947 ms
api-gateway GET /api/jobs 200 29.955 ms
api-gateway GET /api/auth/me 200 33.714 ms
api-gateway GET /api/applications/student/me 200 46.909 ms
api-gateway GET /api/jobs 200 44.689 ms
api-gateway GET /api/applications/student/me 200 9.289 ms
api-gateway GET /api/auth/me 200 6.140 ms
api-gateway GET /api/auth/me 200 6.578 ms
api-gateway GET /api/jobs 200 8.539 ms
api-gateway GET /api/jobs 200 7.592 ms
api-gateway GET /api/auth/me 200 3.001 ms
api-gateway GET /api/jobs 200 3.887 ms
api-gateway GET /api/auth/me 200 4.415 ms
api-gateway GET /api/jobs 200 5.513 ms
api-gateway GET /api/applications/student/me 200 10.535 ms
api-gateway GET /api/applications/student/me 200 5.833 ms
api-gateway GET /api/auth/me 200 3.192 ms
api-gateway GET /api/jobs 200 3.437 ms
api-gateway GET /api/auth/me 200 3.566 ms
api-gateway GET /api/jobs 200 4.176 ms
api-gateway GET /api/auth/me 200 3.355 ms
api-gateway GET /api/jobs 200 3.343 ms
api-gateway GET /api/auth/me 200 3.395 ms
api-gateway GET /api/jobs 200 3.732 ms
api-gateway GET /api/applications/student/me 200 7.899 ms
api-gateway GET /api/applications/student/me 200 5.349 ms
api-gateway GET /api/jobs 200 6.480 ms
api-gateway GET /api/applications/student/me 200 14.759 ms
api-gateway GET /api/auth/me 200 18.185 ms
api-gateway GET /api/auth/me 200 6.593 ms
api-gateway GET /api/jobs 200 8.211 ms
api-gateway GET /api/jobs 200 3.509 ms
api-gateway GET /api/auth/me 200 7.090 ms
api-gateway POST /api/applications 201 6.388 ms
api-gateway POST /api/applications 409 4.708 ms
api-gateway GET /api/auth/me 200 6.800 ms
api-gateway GET /api/applications/student/me 200 6.904 ms
api-gateway GET /api/jobs 200 8.621 ms
api-gateway GET /api/auth/me 200 7.791 ms
api-gateway GET /api/jobs 200 7.994 ms
api-gateway GET /api/applications/student/me 200 8.122 ms
api-gateway GET /api/auth/me 200 2.344 ms
api-gateway GET /api/jobs 200 2.650 ms
api-gateway GET /api/auth/me 200 4.105 ms
api-gateway GET /api/jobs 200 2.724 ms
api-gateway POST /api/applications 201 5.017 ms
api-gateway POST /api/applications 409 3.723 ms
api-gateway GET /api/auth/me 200 7.538 ms
api-gateway GET /api/applications/student/me 200 8.065 ms
api-gateway GET /api/applications/student/me 200 5.552 ms
api-gateway GET /api/auth/me 200 8.396 ms
api-gateway GET /api/auth/me 200 4.251 ms
api-gateway GET /api/auth/me 200 4.490 ms
api-gateway GET /api/auth/me 200 4.817 ms
api-gateway GET /api/auth/me 200 5.985 ms
api-gateway GET /api/auth/me 200 2.882 ms
api-gateway GET /api/auth/me 200 3.181 ms
api-gateway GET /api/jobs 200 8.908 ms
api-gateway GET /api/applications/student/me 200 8.054 ms
api-gateway GET /api/jobs 200 7.442 ms
api-gateway GET /api/applications/student/me 200 6.880 ms
api-gateway GET /api/auth/me 200 7.982 ms
api-gateway GET /api/jobs 200 7.822 ms
api-gateway GET /api/auth/me 200 7.904 ms
api-gateway GET /api/jobs 200 7.708 ms
api-gateway POST /api/applications 409 4.017 ms
api-gateway GET /api/auth/me 200 7.136 ms
api-gateway GET /api/applications/student/me 200 7.515 ms
api-gateway GET /api/auth/me 200 7.654 ms
api-gateway GET /api/applications/student/me 200 8.091 ms
api-gateway GET /api/auth/me 200 4.941 ms
api-gateway GET /api/auth/me 200 5.770 ms
api-gateway GET /api/jobs 200 5.709 ms
api-gateway GET /api/auth/me 200 8.036 ms
api-gateway GET /api/auth/me 200 8.128 ms
api-gateway GET /api/jobs 200 8.806 ms
api-gateway GET /api/auth/me 200 7.998 ms
api-gateway GET /api/applications/student/me 200 7.218 ms
api-gateway GET /api/jobs 200 9.479 ms
api-gateway GET /api/auth/me 200 8.216 ms
api-gateway GET /api/jobs 200 8.158 ms
api-gateway GET /api/applications/student/me 200 8.214 ms
api-gateway GET /api/auth/me 200 6.391 ms
api-gateway GET /api/applications/student/me 200 5.864 ms
api-gateway GET /api/jobs 200 9.364 ms
api-gateway GET /api/applications/student/me 200 4.096 ms
api-gateway GET /api/jobs 200 5.732 ms
api-gateway GET /api/auth/me 200 7.535 ms
api-gateway GET /api/auth/me 200 2.644 ms
api-gateway GET /api/users/recruiters/pending 200 3.714 ms
