job-service running on 4003
job-service GET /health 200 1.663 ms
job-service GET /jobs 200 1.263 ms
job-service GET /jobs 200 0.614 ms
job-service GET /jobs 200 0.550 ms
job-service GET /jobs 200 0.542 ms
job-service GET /jobs/recruiter/me 200 0.605 ms
job-service GET /jobs/recruiter/me 200 0.584 ms
job-service GET /jobs/recruiter/me 200 0.516 ms
job-service GET /jobs/recruiter/me 200 0.483 ms
job-service GET /jobs/recruiter/analytics 200 1.035 ms
job-service GET /jobs/recruiter/me 200 0.398 ms
job-service POST /jobs 201 2.350 ms
job-service GET /jobs 200 0.451 ms
job-service GET /jobs/recruiter/me 200 0.624 ms
job-service GET /jobs/recruiter/me 200 0.472 ms
job-service GET /jobs/recruiter/me 200 0.577 ms
job-service GET /jobs/recruiter/me 200 0.401 ms
job-service GET /jobs 200 0.928 ms
job-service GET /jobs 200 1.402 ms
job-service GET /jobs 200 0.665 ms
job-service GET /jobs 200 0.518 ms
job-service GET /jobs 200 0.525 ms
job-service GET /jobs 200 0.633 ms
job-service GET /jobs 200 0.900 ms
job-service GET /jobs 200 0.393 ms
job-service GET /jobs 200 0.351 ms
job-service GET /jobs 200 0.369 ms
job-service GET /jobs 200 1.107 ms
job-service GET /jobs 200 0.696 ms
job-service GET /jobs 200 0.498 ms
job-service GET /jobs 200 0.626 ms
job-service GET /jobs 200 0.407 ms
job-service GET /jobs 200 0.411 ms
job-service GET /jobs 200 0.784 ms
job-service GET /jobs 200 0.493 ms
job-service GET /jobs 200 0.532 ms
job-service GET /jobs 200 0.489 ms
job-service GET /jobs 200 0.798 ms
job-service GET /jobs 200 0.562 ms
job-service GET /jobs 200 0.583 ms
job-service GET /jobs 200 0.660 ms
job-service GET /jobs 200 0.527 ms
job-service GET /jobs 200 0.785 ms
job-service GET /jobs 200 0.691 ms
